<?xml version="1.0" encoding="UTF-8"?>
<!-- Generated by org.testng.reporters.JUnitReportReporter -->
<testsuite hostname="DESKTOP-ASDS5EB" failures="0" tests="1" name="com.lao.launchPage.DateEntryTest" time="0.674" errors="0" timestamp="2023-11-14T22:37:24 IST" skipped="0">
  <testcase classname="com.lao.launchPage.DateEntryTest" name="LoginTest" time="0.674"/>
  <system-out/>
</testsuite> <!-- com.lao.launchPage.DateEntryTest -->
