<?xml version="1.0" encoding="UTF-8"?>
<!-- Generated by org.testng.reporters.JUnitReportReporter -->
<testsuite hostname="DESKTOP-ASDS5EB" failures="0" tests="1" name="com.lao.launchPage.HomePage" time="1.029" errors="0" timestamp="2023-08-01T00:11:34 IST" skipped="0">
  <testcase classname="com.lao.launchPage.HomePage" name="LoginTest" time="1.029"/>
  <system-out/>
</testsuite> <!-- com.lao.launchPage.HomePage -->
